Determining if the log exist failed with the following output:
Change Dir: /mnt/c/oss/cmake/Help/guide/tutorial/Step5_build/CMakeFiles/CMakeTmp

Run Build Command:"/usr/bin/make" "cmTC_2fdd2/fast"
/usr/bin/make -f CMakeFiles/cmTC_2fdd2.dir/build.make CMakeFiles/cmTC_2fdd2.dir/build
make[1]: Entering directory '/mnt/c/oss/cmake/Help/guide/tutorial/Step5_build/CMakeFiles/CMakeTmp'
Building C object CMakeFiles/cmTC_2fdd2.dir/CheckSymbolExists.c.o
/usr/bin/cc    -o CMakeFiles/cmTC_2fdd2.dir/CheckSymbolExists.c.o   -c /mnt/c/oss/cmake/Help/guide/tutorial/Step5_build/CMakeFiles/CMakeTmp/CheckSymbolExists.c
Linking C executable cmTC_2fdd2
/usr/bin/cmake -E cmake_link_script CMakeFiles/cmTC_2fdd2.dir/link.txt --verbose=1
/usr/bin/cc      CMakeFiles/cmTC_2fdd2.dir/CheckSymbolExists.c.o  -o cmTC_2fdd2 
CMakeFiles/cmTC_2fdd2.dir/CheckSymbolExists.c.o: In function `main':
CheckSymbolExists.c:(.text+0x1b): undefined reference to `log'
collect2: error: ld returned 1 exit status
CMakeFiles/cmTC_2fdd2.dir/build.make:97: recipe for target 'cmTC_2fdd2' failed
make[1]: *** [cmTC_2fdd2] Error 1
make[1]: Leaving directory '/mnt/c/oss/cmake/Help/guide/tutorial/Step5_build/CMakeFiles/CMakeTmp'
Makefile:126: recipe for target 'cmTC_2fdd2/fast' failed
make: *** [cmTC_2fdd2/fast] Error 2

File /mnt/c/oss/cmake/Help/guide/tutorial/Step5_build/CMakeFiles/CMakeTmp/CheckSymbolExists.c:
/* */
#include <math.h>

int main(int argc, char** argv)
{
  (void)argv;
#ifndef log
  return ((int*)(&log))[argc];
#else
  (void)argc;
  return 0;
#endif
}

Determining if the exp exist failed with the following output:
Change Dir: /mnt/c/oss/cmake/Help/guide/tutorial/Step5_build/CMakeFiles/CMakeTmp

Run Build Command:"/usr/bin/make" "cmTC_df868/fast"
/usr/bin/make -f CMakeFiles/cmTC_df868.dir/build.make CMakeFiles/cmTC_df868.dir/build
make[1]: Entering directory '/mnt/c/oss/cmake/Help/guide/tutorial/Step5_build/CMakeFiles/CMakeTmp'
Building C object CMakeFiles/cmTC_df868.dir/CheckSymbolExists.c.o
/usr/bin/cc    -o CMakeFiles/cmTC_df868.dir/CheckSymbolExists.c.o   -c /mnt/c/oss/cmake/Help/guide/tutorial/Step5_build/CMakeFiles/CMakeTmp/CheckSymbolExists.c
Linking C executable cmTC_df868
/usr/bin/cmake -E cmake_link_script CMakeFiles/cmTC_df868.dir/link.txt --verbose=1
/usr/bin/cc      CMakeFiles/cmTC_df868.dir/CheckSymbolExists.c.o  -o cmTC_df868 
CMakeFiles/cmTC_df868.dir/CheckSymbolExists.c.o: In function `main':
CheckSymbolExists.c:(.text+0x1b): undefined reference to `exp'
collect2: error: ld returned 1 exit status
CMakeFiles/cmTC_df868.dir/build.make:97: recipe for target 'cmTC_df868' failed
make[1]: *** [cmTC_df868] Error 1
make[1]: Leaving directory '/mnt/c/oss/cmake/Help/guide/tutorial/Step5_build/CMakeFiles/CMakeTmp'
Makefile:126: recipe for target 'cmTC_df868/fast' failed
make: *** [cmTC_df868/fast] Error 2

File /mnt/c/oss/cmake/Help/guide/tutorial/Step5_build/CMakeFiles/CMakeTmp/CheckSymbolExists.c:
/* */
#include <math.h>

int main(int argc, char** argv)
{
  (void)argv;
#ifndef exp
  return ((int*)(&exp))[argc];
#else
  (void)argc;
  return 0;
#endif
}

